<?xml version="1.0" encoding="UTF-8" ?>
<testsuite errors="0" failures="0" hostname="Sathishs-MacBook-Pro.local" name="com.squareprism.localreads.BookControllerSpec" tests="2" time="0.692" timestamp="2014-09-10T10:53:57">
  <properties />
  <testcase classname="com.squareprism.localreads.BookControllerSpec" name="Add a book" time="0.245" />
  <testcase classname="com.squareprism.localreads.BookControllerSpec" name="Retrieve all books" time="0.139" />
  <system-out><![CDATA[--Output from Add a book--
--Output from Retrieve all books--
Successfully saved user
]]></system-out>
  <system-err><![CDATA[--Output from Add a book--
--Output from Retrieve all books--
]]></system-err>
</testsuite>
