<?xml version="1.0" encoding="UTF-8" ?>
<testsuite errors="0" failures="0" hostname="Sathishs-MacBook-Pro.local" name="com.squareprism.localreads.UserControllerSpec" tests="1" time="0.238" timestamp="2014-09-10T10:54:01">
  <properties />
  <testcase classname="com.squareprism.localreads.UserControllerSpec" name="test users with login " time="0.116" />
  <system-out><![CDATA[--Output from test users with login --
]]></system-out>
  <system-err><![CDATA[--Output from test users with login --
]]></system-err>
</testsuite>
