<?xml version="1.0" encoding="UTF-8" ?>
<testsuite errors="0" failures="0" hostname="Sathishs-MacBook-Pro.local" name="com.squareprism.localreads.OwnershipControllerSpec" tests="13" time="2.278" timestamp="2014-09-21T10:59:00">
  <properties />
  <testcase classname="com.squareprism.localreads.OwnershipControllerSpec" name="create Ownerships from a Book Volume User One" time="0.17" />
  <testcase classname="com.squareprism.localreads.OwnershipControllerSpec" name="create Ownerships from a Book Volume User Two" time="0.34" />
  <testcase classname="com.squareprism.localreads.OwnershipControllerSpec" name="create many Ownerships from Book Volumes User One" time="0.224" />
  <testcase classname="com.squareprism.localreads.OwnershipControllerSpec" name="create many Ownerships from Book Volumes User Two" time="0.22" />
  <testcase classname="com.squareprism.localreads.OwnershipControllerSpec" name="add Ownerships to this user" time="0.121" />
  <testcase classname="com.squareprism.localreads.OwnershipControllerSpec" name="get the added Ownership belonging to this user" time="0.111" />
  <testcase classname="com.squareprism.localreads.OwnershipControllerSpec" name="list Ownerships belonging to user one" time="0.124" />
  <testcase classname="com.squareprism.localreads.OwnershipControllerSpec" name="search for Books with a query " time="0.134" />
  <testcase classname="com.squareprism.localreads.OwnershipControllerSpec" name="search for Books with another query " time="0.11" />
  <testcase classname="com.squareprism.localreads.OwnershipControllerSpec" name="search for a Book that is not there with users nearby" time="0.106" />
  <testcase classname="com.squareprism.localreads.OwnershipControllerSpec" name="search for a Book from a user far away" time="0.115" />
  <testcase classname="com.squareprism.localreads.OwnershipControllerSpec" name="delete Ownerships belonging to this user" time="0.127" />
  <testcase classname="com.squareprism.localreads.OwnershipControllerSpec" name="list Ownerships belonging to this user after deletion of 1 ownership" time="0.131" />
  <system-out><![CDATA[--Output from create Ownerships from a Book Volume User One--
--Output from create Ownerships from a Book Volume User Two--
--Output from create many Ownerships from Book Volumes User One--
--Output from create many Ownerships from Book Volumes User Two--
--Output from add Ownerships to this user--
--Output from get the added Ownership belonging to this user--
--Output from list Ownerships belonging to user one--
--Output from search for Books with a query --
--Output from search for Books with another query --
--Output from search for a Book that is not there with users nearby--
--Output from search for a Book from a user far away--
--Output from delete Ownerships belonging to this user--
--Output from list Ownerships belonging to this user after deletion of 1 ownership--
]]></system-out>
  <system-err><![CDATA[--Output from create Ownerships from a Book Volume User One--
--Output from create Ownerships from a Book Volume User Two--
--Output from create many Ownerships from Book Volumes User One--
--Output from create many Ownerships from Book Volumes User Two--
--Output from add Ownerships to this user--
--Output from get the added Ownership belonging to this user--
--Output from list Ownerships belonging to user one--
--Output from search for Books with a query --
--Output from search for Books with another query --
--Output from search for a Book that is not there with users nearby--
--Output from search for a Book from a user far away--
--Output from delete Ownerships belonging to this user--
--Output from list Ownerships belonging to this user after deletion of 1 ownership--
]]></system-err>
</testsuite>
