<?xml version="1.0" encoding="UTF-8" ?>
<testsuite errors="0" failures="0" hostname="Sathishs-MacBook-Pro.local" name="com.squareprism.localreads.OwnershipControllerSpec" tests="9" time="2.432" timestamp="2014-09-10T10:53:58">
  <properties />
  <testcase classname="com.squareprism.localreads.OwnershipControllerSpec" name="create Ownerships from a Book Volume" time="1.064" />
  <testcase classname="com.squareprism.localreads.OwnershipControllerSpec" name="add Ownerships to this user" time="0.141" />
  <testcase classname="com.squareprism.localreads.OwnershipControllerSpec" name="get the added Ownership belonging to this user" time="0.167" />
  <testcase classname="com.squareprism.localreads.OwnershipControllerSpec" name="list Ownerships belonging to this user" time="0.127" />
  <testcase classname="com.squareprism.localreads.OwnershipControllerSpec" name="search for Books with a query " time="0.173" />
  <testcase classname="com.squareprism.localreads.OwnershipControllerSpec" name="search for Books with another query " time="0.13" />
  <testcase classname="com.squareprism.localreads.OwnershipControllerSpec" name="search for a Book that wont match a query " time="0.12" />
  <testcase classname="com.squareprism.localreads.OwnershipControllerSpec" name="delete Ownerships belonging to this user" time="0.131" />
  <testcase classname="com.squareprism.localreads.OwnershipControllerSpec" name="list Ownerships belonging to this user after deletion of 1 ownership" time="0.122" />
  <system-out><![CDATA[--Output from create Ownerships from a Book Volume--
[bookId:54102dc703645f7742eec103, id:54102dc703645f7742eec104, message:Created ownership, status:true]
--Output from add Ownerships to this user--
--Output from get the added Ownership belonging to this user--
--Output from list Ownerships belonging to this user--
--Output from search for Books with a query --
--Output from search for Books with another query --
--Output from search for a Book that wont match a query --
--Output from delete Ownerships belonging to this user--
--Output from list Ownerships belonging to this user after deletion of 1 ownership--
]]></system-out>
  <system-err><![CDATA[--Output from create Ownerships from a Book Volume--
--Output from add Ownerships to this user--
--Output from get the added Ownership belonging to this user--
--Output from list Ownerships belonging to this user--
--Output from search for Books with a query --
--Output from search for Books with another query --
--Output from search for a Book that wont match a query --
--Output from delete Ownerships belonging to this user--
--Output from list Ownerships belonging to this user after deletion of 1 ownership--
]]></system-err>
</testsuite>
